<?xml version="1.0" encoding="ISO-8859-1"?>
<gmd:MD_Metadata xmlns:gml="http://www.opengis.net/gml/3.2" xmlns:srv="http://www.isotc211.org/2005/srv"
                 xmlns:gco="http://www.isotc211.org/2005/gco" xmlns:gmd="http://www.isotc211.org/2005/gmd">
    <gmd:fileIdentifier>
        <gco:CharacterString>98a33ba1-28ca-43e4-afad-2fe5bf5b398a</gco:CharacterString>
    </gmd:fileIdentifier>
    <gmd:language>
        <gco:CharacterString>en</gco:CharacterString>
    </gmd:language>
    <gmd:hierarchyLevel>
        <gmd:MD_ScopeCode codeList="http://www.isotc211.org/2005/resources/Codelist/gmxCodelists.xml#MD_ScopeCode"
                          codeListValue="dataset" codeSpace="ISOTC211/19115">dataset
        </gmd:MD_ScopeCode>
    </gmd:hierarchyLevel>
    <gmd:contact>
        <gmd:CI_ResponsibleParty>
            <gmd:organisationName>
                <gco:CharacterString>Integrated Earth Data Applications (IEDA)</gco:CharacterString>
            </gmd:organisationName>
            <gmd:contactInfo>
                <gmd:CI_Contact>
                    <gmd:address>
                        <gmd:CI_Address>
                            <gmd:electronicMailAddress>
                                <gco:CharacterString>info@earthchem.org</gco:CharacterString>
                            </gmd:electronicMailAddress>
                        </gmd:CI_Address>
                    </gmd:address>
                </gmd:CI_Contact>
            </gmd:contactInfo>
            <gmd:role>
                <gmd:CI_RoleCode codeList="http://www.isotc211.org/2005/resources/Codelist/gmxCodelists.xml#CI_RoleCode"
                                 codeListValue="resourceProvider" codeSpace="ISOTC211/19115">resourceProvider
                </gmd:CI_RoleCode>
            </gmd:role>
        </gmd:CI_ResponsibleParty>
    </gmd:contact>
    <gmd:dateStamp>
        <gco:Date>2013-10-04</gco:Date>
    </gmd:dateStamp>
    <gmd:metadataStandardName>
        <gco:CharacterString>ISO 19139/19115 Metadata for Datasets</gco:CharacterString>
    </gmd:metadataStandardName>
    <gmd:metadataStandardVersion>
        <gco:CharacterString>2003</gco:CharacterString>
    </gmd:metadataStandardVersion>
    <gmd:dataSetURI>
        <gco:CharacterString/>
    </gmd:dataSetURI>
    <gmd:locale>
        <gmd:PT_Locale>
            <gmd:languageCode>
                <gmd:LanguageCode codeList="#LanguageCode" codeListValue="en"/>
            </gmd:languageCode>
            <gmd:country/>
            <gmd:characterEncoding>
                <gmd:MD_CharacterSetCode
                        codeList="http://www.isotc211.org/2005/resources/Codelist/gmxCodelists.xml#MD_CharacterSetCode"
                        codeListValue="utf8"/>
            </gmd:characterEncoding>
        </gmd:PT_Locale>
    </gmd:locale>
    <gmd:spatialRepresentationInfo/>
    <gmd:referenceSystemInfo>
        <gmd:MD_ReferenceSystem>
            <gmd:referenceSystemIdentifier>
                <gmd:RS_Identifier>
                    <gmd:code>
                        <gco:CharacterString>WGS84</gco:CharacterString>
                    </gmd:code>
                    <gmd:codeSpace>
                        <gco:CharacterString>OGP Geomatics Committee</gco:CharacterString>
                    </gmd:codeSpace>
                </gmd:RS_Identifier>
            </gmd:referenceSystemIdentifier>
        </gmd:MD_ReferenceSystem>
    </gmd:referenceSystemInfo>
    <gmd:metadataExtensionInfo/>
    <gmd:identificationInfo>
        <gmd:MD_DataIdentification>
            <gmd:citation>
                <gmd:CI_Citation>
                    <gmd:title>
                        <gco:CharacterString>Antarctic &amp; Southern Ocean Data Portal (ASODS)</gco:CharacterString>
                    </gmd:title>
                    <gmd:date>
                        <gmd:CI_Date>
                            <gmd:date>
                                <gco:Date>2013-01-03</gco:Date>
                            </gmd:date>
                            <gmd:dateType>
                                <gmd:CI_DateTypeCode
                                        codeList="http://www.isotc211.org/2005/resources/Codelist/gmxCodelists.xml#CI_DateTypeCode"
                                        codeListValue="creation" codeSpace="ISOTC211/19115">creation
                                </gmd:CI_DateTypeCode>
                            </gmd:dateType>
                        </gmd:CI_Date>
                    </gmd:date>
                    <gmd:identifier>
                        <gmd:RS_Identifier>
                            <gmd:code>
                                <gco:CharacterString/>
                            </gmd:code>
                            <gmd:codeSpace>
                                <gco:CharacterString/>
                            </gmd:codeSpace>
                        </gmd:RS_Identifier>
                    </gmd:identifier>
                </gmd:CI_Citation>
            </gmd:citation>
            <gmd:abstract>
                <gco:CharacterString>The Antarctic and Southern Ocean Data Portal, part of the US Antarctic Data
                    Consortium, provides access to geoscience data, primarily marine, from the Antarctic region. The
                    synthesis began in 2003 as the Antarctic Multibeam Bathymetry and Geophysical Data Synthesis (AMBS)
                    with a focus on multibeam bathymetry field data and other geophysical data from the Southern Ocean
                    collected with the R/V N. B. Palmer. In 2005, the effort was expanded to include all routine
                    underway geophysical and oceanographic data collected with both the R/V N. B. Palmer and R/V L.
                    Gould, the two primary research vessels serving the US Antarctic Program.
                </gco:CharacterString>
            </gmd:abstract>
            <gmd:pointOfContact>
                <gmd:CI_ResponsibleParty>
                    <gmd:individualName>
                        <gco:CharacterString>Robert Arko</gco:CharacterString>
                    </gmd:individualName>
                    <gmd:organisationName>
                        <gco:CharacterString>Lamont-Doherty Observatory</gco:CharacterString>
                    </gmd:organisationName>
                    <gmd:positionName>
                        <gco:CharacterString/>
                    </gmd:positionName>
                    <gmd:contactInfo>
                        <gmd:CI_Contact>
                            <gmd:phone>
                                <gmd:CI_Telephone>
                                    <gmd:voice>
                                        <gco:CharacterString/>
                                    </gmd:voice>
                                    <gmd:facsimile>
                                        <gco:CharacterString/>
                                    </gmd:facsimile>
                                </gmd:CI_Telephone>
                            </gmd:phone>
                            <gmd:address>
                                <gmd:CI_Address>
                                    <gmd:deliveryPoint>
                                        <gco:CharacterString>61 Route 9W</gco:CharacterString>
                                    </gmd:deliveryPoint>
                                    <gmd:city>
                                        <gco:CharacterString>Palisades</gco:CharacterString>
                                    </gmd:city>
                                    <gmd:administrativeArea>
                                        <gco:CharacterString>New York</gco:CharacterString>
                                    </gmd:administrativeArea>
                                    <gmd:postalCode>
                                        <gco:CharacterString>10964.0</gco:CharacterString>
                                    </gmd:postalCode>
                                    <gmd:country>
                                        <gco:CharacterString>USA</gco:CharacterString>
                                    </gmd:country>
                                    <gmd:electronicMailAddress>
                                        <gco:CharacterString>info@usap-data.org</gco:CharacterString>
                                    </gmd:electronicMailAddress>
                                </gmd:CI_Address>
                            </gmd:address>
                            <gmd:onlineResource>
                                <gmd:CI_OnlineResource>
                                    <gmd:linkage>
                                        <gmd:URL/>
                                    </gmd:linkage>
                                    <gmd:protocol>
                                        <gco:CharacterString/>
                                    </gmd:protocol>
                                    <gmd:applicationProfile>
                                        <gco:CharacterString/>
                                    </gmd:applicationProfile>
                                    <gmd:name>
                                        <gco:CharacterString/>
                                    </gmd:name>
                                    <gmd:description>
                                        <gco:CharacterString/>
                                    </gmd:description>
                                    <gmd:function>
                                        <gmd:CI_OnLineFunctionCode
                                                codeList="http://www.isotc211.org/2005/resources/Codelist/gmxCodelists.xml#CI_OnLineFunctionCode"
                                                codeListValue="" codeSpace="ISOTC211/19115"/>
                                    </gmd:function>
                                </gmd:CI_OnlineResource>
                            </gmd:onlineResource>
                            <gmd:hoursOfService>
                                <gco:CharacterString/>
                            </gmd:hoursOfService>
                            <gmd:contactInstructions>
                                <gco:CharacterString/>
                            </gmd:contactInstructions>
                        </gmd:CI_Contact>
                    </gmd:contactInfo>
                    <gmd:role>
                        <gmd:CI_RoleCode
                                codeList="http://www.isotc211.org/2005/resources/Codelist/gmxCodelists.xml#CI_RoleCode"
                                codeListValue="processor" codeSpace="ISOTC211/19115">processor
                        </gmd:CI_RoleCode>
                    </gmd:role>
                </gmd:CI_ResponsibleParty>
            </gmd:pointOfContact>
            <gmd:descriptiveKeywords>
                <gmd:MD_Keywords>
                    <gmd:keyword>
                        <gco:CharacterString>Arctic</gco:CharacterString>
                    </gmd:keyword>
                    <gmd:keyword>
                        <gco:CharacterString>Ocean</gco:CharacterString>
                    </gmd:keyword>
                    <gmd:type>
                        <gmd:MD_KeywordTypeCode
                                codeList="http://www.isotc211.org/2005/resources/Codelist/gmxCodelists.xml#MD_KeywordTypeCode"
                                codeListValue="theme" codeSpace="ISOTC211/19115">theme
                        </gmd:MD_KeywordTypeCode>
                    </gmd:type>
                </gmd:MD_Keywords>
            </gmd:descriptiveKeywords>
            <gmd:resourceConstraints/>
            <gmd:spatialRepresentationType>
                <gmd:MD_SpatialRepresentationTypeCode
                        codeList="http://www.isotc211.org/2005/resources/Codelist/gmxCodelists.xml#MD_SpatialRepresentationTypeCode"
                        codeListValue="" codeSpace="ISOTC211/19115"/>
            </gmd:spatialRepresentationType>
            <gmd:language>
                <gco:CharacterString>en</gco:CharacterString>
            </gmd:language>
            <gmd:topicCategory>
                <gmd:MD_TopicCategoryCode>geoscientificInformation</gmd:MD_TopicCategoryCode>
            </gmd:topicCategory>
            <gmd:topicCategory>
                <gmd:MD_TopicCategoryCode>elevation</gmd:MD_TopicCategoryCode>
            </gmd:topicCategory>
            <gmd:topicCategory>
                <gmd:MD_TopicCategoryCode>oceans</gmd:MD_TopicCategoryCode>
            </gmd:topicCategory>
            <gmd:extent>
                <gmd:EX_Extent>
                    <gmd:geographicElement>
                        <gmd:EX_GeographicBoundingBox>
                            <gmd:westBoundLongitude>
                                <gco:Decimal>-180.0</gco:Decimal>
                            </gmd:westBoundLongitude>
                            <gmd:eastBoundLongitude>
                                <gco:Decimal>180.0</gco:Decimal>
                            </gmd:eastBoundLongitude>
                            <gmd:southBoundLatitude>
                                <gco:Decimal>-90.0</gco:Decimal>
                            </gmd:southBoundLatitude>
                            <gmd:northBoundLatitude>
                                <gco:Decimal>90.0</gco:Decimal>
                            </gmd:northBoundLatitude>
                        </gmd:EX_GeographicBoundingBox>
                    </gmd:geographicElement>
                </gmd:EX_Extent>
            </gmd:extent>
        </gmd:MD_DataIdentification>
    </gmd:identificationInfo>
    <gmd:distributionInfo>
        <gmd:MD_Distribution>
            <gmd:distributionFormat>
                <gmd:MD_Format>
                    <gmd:name>
                        <gco:CharacterString/>
                    </gmd:name>
                    <gmd:version>
                        <gco:CharacterString/>
                    </gmd:version>
                </gmd:MD_Format>
            </gmd:distributionFormat>
            <gmd:transferOptions>
                <gmd:MD_DigitalTransferOptions>
                    <gmd:onLine>
                        <gmd:CI_OnlineResource>
                            <gmd:linkage>
                                <gmd:URL>http://www.marine-geo.org/portals/antarctic/</gmd:URL>
                            </gmd:linkage>
                            <gmd:function>
                                <gmd:CI_OnLineFunctionCode
                                        codeList="http://www.isotc211.org/2005/resources/Codelist/gmxCodelists.xml#CI_OnLineFunctionCode"
                                        codeListValue="search" codeSpace="ISOTC211/19115">search
                                </gmd:CI_OnLineFunctionCode>
                            </gmd:function>
                        </gmd:CI_OnlineResource>
                    </gmd:onLine>
                </gmd:MD_DigitalTransferOptions>
            </gmd:transferOptions>
        </gmd:MD_Distribution>
    </gmd:distributionInfo>
</gmd:MD_Metadata>